Running on host node-sw-155
Will run command: mpirun -np 1 ./neutron
Starting job...
 The input parameters are:
Value of m =  256
Value of eps = 1.000E-08
Value of maxit  =  100
Value of sigma = 9.000E-01
Value of maxit_inner = 2000
Value of tau = 1.000E-01
    bicgstab conducted   102 iterations up to residual =  9.558E-02
    bicgstab conducted   123 iterations up to residual =  9.927E-02
    bicgstab conducted    84 iterations up to residual =  9.626E-02
    bicgstab conducted    72 iterations up to residual =  9.722E-02
    bicgstab conducted    69 iterations up to residual =  9.597E-02
    bicgstab conducted    73 iterations up to residual =  9.992E-02
    bicgstab conducted    69 iterations up to residual =  7.308E-02
    bicgstab conducted    70 iterations up to residual =  9.854E-02
    bicgstab conducted    74 iterations up to residual =  9.981E-02
    bicgstab conducted    71 iterations up to residual =  8.805E-02
    bicgstab conducted    69 iterations up to residual =  9.974E-02
    bicgstab conducted    79 iterations up to residual =  9.683E-02
    bicgstab conducted    73 iterations up to residual =  9.766E-02
    bicgstab conducted    76 iterations up to residual =  9.968E-02
 the norm of resicual   8.2363846526574264E-009
 cpu time elapsed =    14.429004331119359     
 multiplication constant lambda_0 =    1.0297129581795341     

real	0m14.923s
user	0m14.618s
sys	0m0.092s

########################################################################
----------------------! Balena Job Details !----------------------------

JobID          : 1485748
No. of nodes   : 1
No. of CPUs    : 16
Timelimit      : 00:05:00
Elapsed time   : 00:00:17
Nodelist       : node-sw-155

########################################################################

