Running on host node-sw-155
Will run command: mpirun -np 2 ./testq1
Starting job...
 err of dot_product:   0.0000000000000000     
 err of dot_product:   0.0000000000000000     
 processor number           0 err of Vec_Axpy 1   0.0000000000000000        0.0000000000000000        0.0000000000000000        0.0000000000000000        0.0000000000000000        0.0000000000000000        0.0000000000000000        0.0000000000000000     
 processor number           0 err of Vec_Axpy2   1.0000000000000000        1.0000000000000000        1.0000000000000000        1.0000000000000000        1.0000000000000000        1.0000000000000000        1.0000000000000000        1.0000000000000000     
 processor number           1 err of Vec_Axpy 1   0.0000000000000000        0.0000000000000000        0.0000000000000000        0.0000000000000000        0.0000000000000000        0.0000000000000000        0.0000000000000000        0.0000000000000000     
 processor number           1 err of Vec_Axpy2   1.0000000000000000        1.0000000000000000        1.0000000000000000        1.0000000000000000        1.0000000000000000        1.0000000000000000        1.0000000000000000        1.0000000000000000     

real	0m0.314s
user	0m0.079s
sys	0m0.081s

########################################################################
----------------------! Balena Job Details !----------------------------

JobID          : 1485345
No. of nodes   : 1
No. of CPUs    : 16
Timelimit      : 00:01:00
Elapsed time   : 00:00:02
Nodelist       : node-sw-155

########################################################################

