Running on host node-sw-155
Will run command: mpirun -np 2 ./neutron
Starting job...
 The input parameters are:
Value of m =  128
Value of eps = 1.000E-08
Value of maxit  =  100
Value of sigma = 9.000E-01
Value of maxit_inner = 2000
Value of tau = 1.000E-01
    bicgstab conducted    57 iterations up to residual =  9.540E-02
    bicgstab conducted    57 iterations up to residual =  9.540E-02
    bicgstab conducted    55 iterations up to residual =  9.698E-02
    bicgstab conducted    55 iterations up to residual =  9.698E-02
    bicgstab conducted    34 iterations up to residual =  9.219E-02
    bicgstab conducted    34 iterations up to residual =  9.219E-02
    bicgstab conducted    30 iterations up to residual =  9.920E-02
    bicgstab conducted    30 iterations up to residual =  9.920E-02
    bicgstab conducted    32 iterations up to residual =  9.925E-02
    bicgstab conducted    32 iterations up to residual =  9.925E-02
    bicgstab conducted    36 iterations up to residual =  9.315E-02
    bicgstab conducted    36 iterations up to residual =  9.315E-02
    bicgstab conducted    37 iterations up to residual =  9.928E-02
    bicgstab conducted    37 iterations up to residual =  9.928E-02
    bicgstab conducted    36 iterations up to residual =  9.214E-02
    bicgstab conducted    36 iterations up to residual =  9.214E-02
    bicgstab conducted    37 iterations up to residual =  9.007E-02
    bicgstab conducted    37 iterations up to residual =  9.007E-02
    bicgstab conducted    35 iterations up to residual =  9.842E-02
    bicgstab conducted    35 iterations up to residual =  9.842E-02
    bicgstab conducted    35 iterations up to residual =  8.913E-02
    bicgstab conducted    35 iterations up to residual =  8.913E-02
    bicgstab conducted    35 iterations up to residual =  9.696E-02
    bicgstab conducted    35 iterations up to residual =  9.696E-02
    bicgstab conducted    38 iterations up to residual =  9.999E-02
    bicgstab conducted    38 iterations up to residual =  9.999E-02
    bicgstab conducted    38 iterations up to residual =  8.522E-02
    bicgstab conducted    38 iterations up to residual =  8.522E-02
 the norm of resicual R:   6.8426231490959134E-009 /
 The total number of bic iterations:   535.00000000000000      /
 The total time spent on bic iterations:  0.80470661236904562      /
 The time for one Bic iteration:   1.5041245091010199E-003
 cpu time elapsed =   0.82166401203721762     
 multiplication constant lambda_0 =    1.0296287555952577     
 the norm of resicual R:   6.8426231490959134E-009 /
 The total number of bic iterations:   535.00000000000000      /
 The total time spent on bic iterations:  0.80467143934220076      /
 The time for one Bic iteration:   1.5040587651256089E-003
 cpu time elapsed =   0.82172009209170938     
 multiplication constant lambda_0 =    1.0296287555952577     

real	0m1.226s
user	0m1.719s
sys	0m0.131s

########################################################################
----------------------! Balena Job Details !----------------------------

JobID          : 1486852
No. of nodes   : 1
No. of CPUs    : 16
Timelimit      : 00:05:00
Elapsed time   : 00:00:02
Nodelist       : node-sw-155

########################################################################

